[0.579s] Invoking command in '/home/sayan/yanyan/src/my_robot': PYTHONPATH=/home/sayan/yanyan/build/my_robot/prefix_override:/usr/lib/python3/dist-packages/colcon_core/task/python/colcon_distutils_commands:/home/sayan/yanyan/install/my_robot/lib/python3.10/site-packages:${PYTHONPATH} /usr/bin/python3 -W ignore:setup.py install is deprecated -W ignore:easy_install command is deprecated setup.py egg_info --egg-base ../../build/my_robot build --build-base /home/sayan/yanyan/build/my_robot/build install --record /home/sayan/yanyan/build/my_robot/install.log --single-version-externally-managed install_data
[0.817s] running egg_info
[0.817s] creating ../../build/my_robot/my_robot.egg-info
[0.817s] writing ../../build/my_robot/my_robot.egg-info/PKG-INFO
[0.818s] writing dependency_links to ../../build/my_robot/my_robot.egg-info/dependency_links.txt
[0.819s] writing entry points to ../../build/my_robot/my_robot.egg-info/entry_points.txt
[0.819s] writing requirements to ../../build/my_robot/my_robot.egg-info/requires.txt
[0.819s] writing top-level names to ../../build/my_robot/my_robot.egg-info/top_level.txt
[0.819s] writing manifest file '../../build/my_robot/my_robot.egg-info/SOURCES.txt'
[0.819s] reading manifest file '../../build/my_robot/my_robot.egg-info/SOURCES.txt'
[0.820s] writing manifest file '../../build/my_robot/my_robot.egg-info/SOURCES.txt'
[0.820s] running build
[0.820s] running build_py
[0.820s] creating /home/sayan/yanyan/build/my_robot/build
[0.820s] creating /home/sayan/yanyan/build/my_robot/build/lib
[0.821s] creating /home/sayan/yanyan/build/my_robot/build/lib/my_robot
[0.821s] copying my_robot/__init__.py -> /home/sayan/yanyan/build/my_robot/build/lib/my_robot
[0.821s] running install
[0.821s] running install_lib
[0.821s] creating /home/sayan/yanyan/install/my_robot/lib/python3.10/site-packages/my_robot
[0.822s] copying /home/sayan/yanyan/build/my_robot/build/lib/my_robot/__init__.py -> /home/sayan/yanyan/install/my_robot/lib/python3.10/site-packages/my_robot
[0.822s] byte-compiling /home/sayan/yanyan/install/my_robot/lib/python3.10/site-packages/my_robot/__init__.py to __init__.cpython-310.pyc
[0.823s] running install_data
[0.823s] creating /home/sayan/yanyan/install/my_robot/share/ament_index
[0.823s] creating /home/sayan/yanyan/install/my_robot/share/ament_index/resource_index
[0.823s] creating /home/sayan/yanyan/install/my_robot/share/ament_index/resource_index/packages
[0.823s] copying resource/my_robot -> /home/sayan/yanyan/install/my_robot/share/ament_index/resource_index/packages
[0.823s] copying package.xml -> /home/sayan/yanyan/install/my_robot/share/my_robot
[0.823s] creating /home/sayan/yanyan/install/my_robot/share/my_robot/launch
[0.824s] copying launch/kitti_visualization.launch.py -> /home/sayan/yanyan/install/my_robot/share/my_robot/launch
[0.824s] creating /home/sayan/yanyan/install/my_robot/share/my_robot/urdf
[0.824s] creating /home/sayan/yanyan/install/my_robot/share/my_robot/config
[0.824s] copying config/kitti_style_rviz.rviz -> /home/sayan/yanyan/install/my_robot/share/my_robot/config
[0.824s] creating /home/sayan/yanyan/install/my_robot/share/my_robot/worlds
[0.824s] copying worlds/gochang_dolmen_park.world -> /home/sayan/yanyan/install/my_robot/share/my_robot/worlds
[0.825s] running install_egg_info
[0.826s] Copying ../../build/my_robot/my_robot.egg-info to /home/sayan/yanyan/install/my_robot/lib/python3.10/site-packages/my_robot-0.0.0-py3.10.egg-info
[0.827s] running install_scripts
[0.841s] writing list of installed files to '/home/sayan/yanyan/build/my_robot/install.log'
[0.857s] Invoked command in '/home/sayan/yanyan/src/my_robot' returned '0': PYTHONPATH=/home/sayan/yanyan/build/my_robot/prefix_override:/usr/lib/python3/dist-packages/colcon_core/task/python/colcon_distutils_commands:/home/sayan/yanyan/install/my_robot/lib/python3.10/site-packages:${PYTHONPATH} /usr/bin/python3 -W ignore:setup.py install is deprecated -W ignore:easy_install command is deprecated setup.py egg_info --egg-base ../../build/my_robot build --build-base /home/sayan/yanyan/build/my_robot/build install --record /home/sayan/yanyan/build/my_robot/install.log --single-version-externally-managed install_data
