[0.553s] DEBUG:colcon:Command line arguments: ['/usr/bin/colcon', 'build', '--packages-select', 'my_robot']
[0.553s] DEBUG:colcon:Parsed command line arguments: Namespace(log_base=None, log_level=None, verb_name='build', build_base='build', install_base='install', merge_install=False, symlink_install=False, test_result_base=None, continue_on_error=False, executor='parallel', parallel_workers=16, event_handlers=None, ignore_user_meta=False, metas=['./colcon.meta'], base_paths=['.'], packages_ignore=None, packages_ignore_regex=None, paths=None, packages_up_to=None, packages_up_to_regex=None, packages_above=None, packages_above_and_dependencies=None, packages_above_depth=None, packages_select_by_dep=None, packages_skip_by_dep=None, packages_skip_up_to=None, packages_select_build_failed=False, packages_skip_build_finished=False, packages_select_test_failures=False, packages_skip_test_passed=False, packages_select=['my_robot'], packages_skip=None, packages_select_regex=None, packages_skip_regex=None, packages_start=None, packages_end=None, allow_overriding=[], cmake_args=None, cmake_target=None, cmake_target_skip_unavailable=False, cmake_clean_cache=False, cmake_clean_first=False, cmake_force_configure=False, ament_cmake_args=None, catkin_cmake_args=None, catkin_skip_building_tests=False, verb_parser=<colcon_defaults.argument_parser.defaults.DefaultArgumentsDecorator object at 0x76ad042a8250>, verb_extension=<colcon_core.verb.build.BuildVerb object at 0x76ad0426fca0>, main=<bound method BuildVerb.main of <colcon_core.verb.build.BuildVerb object at 0x76ad0426fca0>>)
[1.298s] Level 1:colcon.colcon_core.package_discovery:discover_packages(colcon_meta) check parameters
[1.298s] Level 1:colcon.colcon_core.package_discovery:discover_packages(recursive) check parameters
[1.298s] Level 1:colcon.colcon_core.package_discovery:discover_packages(ignore) check parameters
[1.298s] Level 1:colcon.colcon_core.package_discovery:discover_packages(path) check parameters
[1.298s] Level 1:colcon.colcon_core.package_discovery:discover_packages(colcon_meta) discover
[1.298s] Level 1:colcon.colcon_core.package_discovery:discover_packages(recursive) discover
[1.298s] INFO:colcon.colcon_core.package_discovery:Crawling recursively for packages in '/home/sayan/yanyan'
[1.299s] Level 1:colcon.colcon_core.package_identification:_identify(.) by extensions ['ignore', 'ignore_ament_install']
[1.299s] Level 1:colcon.colcon_core.package_identification:_identify(.) by extension 'ignore'
[1.299s] Level 1:colcon.colcon_core.package_identification:_identify(.) by extension 'ignore_ament_install'
[1.299s] Level 1:colcon.colcon_core.package_identification:_identify(.) by extensions ['colcon_pkg']
[1.299s] Level 1:colcon.colcon_core.package_identification:_identify(.) by extension 'colcon_pkg'
[1.299s] Level 1:colcon.colcon_core.package_identification:_identify(.) by extensions ['colcon_meta']
[1.299s] Level 1:colcon.colcon_core.package_identification:_identify(.) by extension 'colcon_meta'
[1.299s] Level 1:colcon.colcon_core.package_identification:_identify(.) by extensions ['ros']
[1.299s] Level 1:colcon.colcon_core.package_identification:_identify(.) by extension 'ros'
[1.355s] Level 1:colcon.colcon_core.package_identification:_identify(.) by extensions ['cmake', 'python']
[1.355s] Level 1:colcon.colcon_core.package_identification:_identify(.) by extension 'cmake'
[1.355s] Level 1:colcon.colcon_core.package_identification:_identify(.) by extension 'python'
[1.355s] Level 1:colcon.colcon_core.package_identification:_identify(.) by extensions ['python_setup_py']
[1.355s] Level 1:colcon.colcon_core.package_identification:_identify(.) by extension 'python_setup_py'
[1.355s] Level 1:colcon.colcon_core.package_identification:_identify(build) by extensions ['ignore', 'ignore_ament_install']
[1.356s] Level 1:colcon.colcon_core.package_identification:_identify(build) by extension 'ignore'
[1.356s] Level 1:colcon.colcon_core.package_identification:_identify(build) ignored
[1.356s] Level 1:colcon.colcon_core.package_identification:_identify(install) by extensions ['ignore', 'ignore_ament_install']
[1.356s] Level 1:colcon.colcon_core.package_identification:_identify(install) by extension 'ignore'
[1.356s] Level 1:colcon.colcon_core.package_identification:_identify(install) ignored
[1.357s] Level 1:colcon.colcon_core.package_identification:_identify(log) by extensions ['ignore', 'ignore_ament_install']
[1.357s] Level 1:colcon.colcon_core.package_identification:_identify(log) by extension 'ignore'
[1.357s] Level 1:colcon.colcon_core.package_identification:_identify(log) ignored
[1.358s] Level 1:colcon.colcon_core.package_identification:_identify(src) by extensions ['ignore', 'ignore_ament_install']
[1.358s] Level 1:colcon.colcon_core.package_identification:_identify(src) by extension 'ignore'
[1.358s] Level 1:colcon.colcon_core.package_identification:_identify(src) by extension 'ignore_ament_install'
[1.358s] Level 1:colcon.colcon_core.package_identification:_identify(src) by extensions ['colcon_pkg']
[1.358s] Level 1:colcon.colcon_core.package_identification:_identify(src) by extension 'colcon_pkg'
[1.358s] Level 1:colcon.colcon_core.package_identification:_identify(src) by extensions ['colcon_meta']
[1.358s] Level 1:colcon.colcon_core.package_identification:_identify(src) by extension 'colcon_meta'
[1.358s] Level 1:colcon.colcon_core.package_identification:_identify(src) by extensions ['ros']
[1.358s] Level 1:colcon.colcon_core.package_identification:_identify(src) by extension 'ros'
[1.358s] Level 1:colcon.colcon_core.package_identification:_identify(src) by extensions ['cmake', 'python']
[1.359s] Level 1:colcon.colcon_core.package_identification:_identify(src) by extension 'cmake'
[1.359s] Level 1:colcon.colcon_core.package_identification:_identify(src) by extension 'python'
[1.359s] Level 1:colcon.colcon_core.package_identification:_identify(src) by extensions ['python_setup_py']
[1.359s] Level 1:colcon.colcon_core.package_identification:_identify(src) by extension 'python_setup_py'
[1.359s] Level 1:colcon.colcon_core.package_identification:_identify(src/my_robot) by extensions ['ignore', 'ignore_ament_install']
[1.359s] Level 1:colcon.colcon_core.package_identification:_identify(src/my_robot) by extension 'ignore'
[1.359s] Level 1:colcon.colcon_core.package_identification:_identify(src/my_robot) by extension 'ignore_ament_install'
[1.359s] Level 1:colcon.colcon_core.package_identification:_identify(src/my_robot) by extensions ['colcon_pkg']
[1.359s] Level 1:colcon.colcon_core.package_identification:_identify(src/my_robot) by extension 'colcon_pkg'
[1.359s] Level 1:colcon.colcon_core.package_identification:_identify(src/my_robot) by extensions ['colcon_meta']
[1.359s] Level 1:colcon.colcon_core.package_identification:_identify(src/my_robot) by extension 'colcon_meta'
[1.359s] Level 1:colcon.colcon_core.package_identification:_identify(src/my_robot) by extensions ['ros']
[1.359s] Level 1:colcon.colcon_core.package_identification:_identify(src/my_robot) by extension 'ros'
[1.366s] DEBUG:colcon.colcon_core.package_identification:Package 'src/my_robot' with type 'ros.ament_python' and name 'my_robot'
[1.366s] Level 1:colcon.colcon_core.package_discovery:discover_packages(recursive) using defaults
[1.366s] Level 1:colcon.colcon_core.package_discovery:discover_packages(ignore) discover
[1.366s] Level 1:colcon.colcon_core.package_discovery:discover_packages(ignore) using defaults
[1.366s] Level 1:colcon.colcon_core.package_discovery:discover_packages(path) discover
[1.367s] Level 1:colcon.colcon_core.package_discovery:discover_packages(path) using defaults
[1.415s] Level 1:colcon.colcon_core.package_discovery:discover_packages(prefix_path) check parameters
[1.415s] Level 1:colcon.colcon_core.package_discovery:discover_packages(prefix_path) discover
[1.421s] DEBUG:colcon.colcon_installed_package_information.package_discovery:Found 1 installed packages in /home/sayan/my_robot_ws/install
[1.423s] DEBUG:colcon.colcon_installed_package_information.package_discovery:Found 477 installed packages in /opt/ros/humble
[1.426s] Level 1:colcon.colcon_core.package_discovery:discover_packages(prefix_path) using defaults
[1.521s] Level 5:colcon.colcon_core.verb:set package 'my_robot' build argument 'cmake_args' from command line to 'None'
[1.521s] Level 5:colcon.colcon_core.verb:set package 'my_robot' build argument 'cmake_target' from command line to 'None'
[1.521s] Level 5:colcon.colcon_core.verb:set package 'my_robot' build argument 'cmake_target_skip_unavailable' from command line to 'False'
[1.521s] Level 5:colcon.colcon_core.verb:set package 'my_robot' build argument 'cmake_clean_cache' from command line to 'False'
[1.521s] Level 5:colcon.colcon_core.verb:set package 'my_robot' build argument 'cmake_clean_first' from command line to 'False'
[1.521s] Level 5:colcon.colcon_core.verb:set package 'my_robot' build argument 'cmake_force_configure' from command line to 'False'
[1.521s] Level 5:colcon.colcon_core.verb:set package 'my_robot' build argument 'ament_cmake_args' from command line to 'None'
[1.521s] Level 5:colcon.colcon_core.verb:set package 'my_robot' build argument 'catkin_cmake_args' from command line to 'None'
[1.521s] Level 5:colcon.colcon_core.verb:set package 'my_robot' build argument 'catkin_skip_building_tests' from command line to 'False'
[1.521s] DEBUG:colcon.colcon_core.verb:Building package 'my_robot' with the following arguments: {'ament_cmake_args': None, 'build_base': '/home/sayan/yanyan/build/my_robot', 'catkin_cmake_args': None, 'catkin_skip_building_tests': False, 'cmake_args': None, 'cmake_clean_cache': False, 'cmake_clean_first': False, 'cmake_force_configure': False, 'cmake_target': None, 'cmake_target_skip_unavailable': False, 'install_base': '/home/sayan/yanyan/install/my_robot', 'merge_install': False, 'path': '/home/sayan/yanyan/src/my_robot', 'symlink_install': False, 'test_result_base': None}
[1.522s] INFO:colcon.colcon_core.executor:Executing jobs using 'parallel' executor
[1.524s] DEBUG:colcon.colcon_parallel_executor.executor.parallel:run_until_complete
[1.525s] INFO:colcon.colcon_ros.task.ament_python.build:Building ROS package in '/home/sayan/yanyan/src/my_robot' with build type 'ament_python'
[1.525s] Level 1:colcon.colcon_core.shell:create_environment_hook('my_robot', 'ament_prefix_path')
[1.541s] INFO:colcon.colcon_core.plugin_system:Skipping extension 'colcon_core.shell.bat': Not used on non-Windows systems
[1.541s] INFO:colcon.colcon_core.shell:Creating environment hook '/home/sayan/yanyan/install/my_robot/share/my_robot/hook/ament_prefix_path.ps1'
[1.546s] INFO:colcon.colcon_core.shell:Creating environment descriptor '/home/sayan/yanyan/install/my_robot/share/my_robot/hook/ament_prefix_path.dsv'
[1.548s] INFO:colcon.colcon_core.shell:Creating environment hook '/home/sayan/yanyan/install/my_robot/share/my_robot/hook/ament_prefix_path.sh'
[1.550s] INFO:colcon.colcon_core.shell:Skip shell extension 'powershell' for command environment: Not usable outside of PowerShell
[1.551s] DEBUG:colcon.colcon_core.shell:Skip shell extension 'dsv' for command environment
[1.978s] INFO:colcon.colcon_core.task.python.build:Building Python package in '/home/sayan/yanyan/src/my_robot'
[1.979s] INFO:colcon.colcon_core.shell:Skip shell extension 'powershell' for command environment: Not usable outside of PowerShell
[1.979s] DEBUG:colcon.colcon_core.shell:Skip shell extension 'dsv' for command environment
[2.739s] DEBUG:colcon.colcon_core.event_handler.log_command:Invoking command in '/home/sayan/yanyan/src/my_robot': PYTHONPATH=/home/sayan/yanyan/build/my_robot/prefix_override:/usr/lib/python3/dist-packages/colcon_core/task/python/colcon_distutils_commands:/home/sayan/yanyan/install/my_robot/lib/python3.10/site-packages:${PYTHONPATH} /usr/bin/python3 -W ignore:setup.py install is deprecated -W ignore:easy_install command is deprecated setup.py egg_info --egg-base ../../build/my_robot build --build-base /home/sayan/yanyan/build/my_robot/build install --record /home/sayan/yanyan/build/my_robot/install.log --single-version-externally-managed install_data
[3.300s] DEBUG:colcon.colcon_core.event_handler.log_command:Invoked command in '/home/sayan/yanyan/src/my_robot' returned '0': PYTHONPATH=/home/sayan/yanyan/build/my_robot/prefix_override:/usr/lib/python3/dist-packages/colcon_core/task/python/colcon_distutils_commands:/home/sayan/yanyan/install/my_robot/lib/python3.10/site-packages:${PYTHONPATH} /usr/bin/python3 -W ignore:setup.py install is deprecated -W ignore:easy_install command is deprecated setup.py egg_info --egg-base ../../build/my_robot build --build-base /home/sayan/yanyan/build/my_robot/build install --record /home/sayan/yanyan/build/my_robot/install.log --single-version-externally-managed install_data
[3.310s] Level 1:colcon.colcon_core.environment:checking '/home/sayan/yanyan/install/my_robot' for CMake module files
[3.311s] Level 1:colcon.colcon_core.environment:checking '/home/sayan/yanyan/install/my_robot' for CMake config files
[3.315s] Level 1:colcon.colcon_core.environment:checking '/home/sayan/yanyan/install/my_robot/lib'
[3.315s] Level 1:colcon.colcon_core.environment:checking '/home/sayan/yanyan/install/my_robot/bin'
[3.315s] Level 1:colcon.colcon_core.environment:checking '/home/sayan/yanyan/install/my_robot/lib/pkgconfig/my_robot.pc'
[3.315s] Level 1:colcon.colcon_core.environment:checking '/home/sayan/yanyan/install/my_robot/lib/python3.10/site-packages'
[3.315s] Level 1:colcon.colcon_core.shell:create_environment_hook('my_robot', 'pythonpath')
[3.316s] INFO:colcon.colcon_core.shell:Creating environment hook '/home/sayan/yanyan/install/my_robot/share/my_robot/hook/pythonpath.ps1'
[3.317s] INFO:colcon.colcon_core.shell:Creating environment descriptor '/home/sayan/yanyan/install/my_robot/share/my_robot/hook/pythonpath.dsv'
[3.318s] INFO:colcon.colcon_core.shell:Creating environment hook '/home/sayan/yanyan/install/my_robot/share/my_robot/hook/pythonpath.sh'
[3.319s] Level 1:colcon.colcon_core.environment:checking '/home/sayan/yanyan/install/my_robot/bin'
[3.319s] Level 1:colcon.colcon_core.environment:create_environment_scripts_only(my_robot)
[3.319s] INFO:colcon.colcon_core.shell:Creating package script '/home/sayan/yanyan/install/my_robot/share/my_robot/package.ps1'
[3.321s] INFO:colcon.colcon_core.shell:Creating package descriptor '/home/sayan/yanyan/install/my_robot/share/my_robot/package.dsv'
[3.322s] INFO:colcon.colcon_core.shell:Creating package script '/home/sayan/yanyan/install/my_robot/share/my_robot/package.sh'
[3.324s] INFO:colcon.colcon_core.shell:Creating package script '/home/sayan/yanyan/install/my_robot/share/my_robot/package.bash'
[3.326s] INFO:colcon.colcon_core.shell:Creating package script '/home/sayan/yanyan/install/my_robot/share/my_robot/package.zsh'
[3.328s] Level 1:colcon.colcon_core.environment:create_file_with_runtime_dependencies(/home/sayan/yanyan/install/my_robot/share/colcon-core/packages/my_robot)
[3.328s] DEBUG:colcon.colcon_parallel_executor.executor.parallel:closing loop
[3.329s] DEBUG:colcon.colcon_parallel_executor.executor.parallel:loop closed
[3.329s] DEBUG:colcon.colcon_parallel_executor.executor.parallel:run_until_complete finished with '0'
[3.329s] DEBUG:colcon.colcon_core.event_reactor:joining thread
[3.482s] INFO:colcon.colcon_core.plugin_system:Skipping extension 'colcon_notification.desktop_notification.notify_send': Could not find 'notify-send'
[3.483s] INFO:colcon.colcon_core.plugin_system:Skipping extension 'colcon_notification.desktop_notification.terminal_notifier': Not used on non-Darwin systems
[3.483s] INFO:colcon.colcon_core.plugin_system:Skipping extension 'colcon_notification.desktop_notification.win32': Not used on non-Windows systems
[3.483s] INFO:colcon.colcon_notification.desktop_notification:Sending desktop notification using 'notify2'
[3.483s] DEBUG:colcon.colcon_notification.desktop_notification.notify2:Failed to initialize notify2: org.freedesktop.DBus.Error.FileNotFound: Failed to connect to socket /run/user/1000/bus: No such file or directory
[3.484s] DEBUG:colcon.colcon_core.event_reactor:joined thread
[3.484s] INFO:colcon.colcon_core.shell:Creating prefix script '/home/sayan/yanyan/install/local_setup.ps1'
[3.488s] INFO:colcon.colcon_core.shell:Creating prefix util module '/home/sayan/yanyan/install/_local_setup_util_ps1.py'
[3.493s] INFO:colcon.colcon_core.shell:Creating prefix chain script '/home/sayan/yanyan/install/setup.ps1'
[3.496s] INFO:colcon.colcon_core.shell:Creating prefix script '/home/sayan/yanyan/install/local_setup.sh'
[3.499s] INFO:colcon.colcon_core.shell:Creating prefix util module '/home/sayan/yanyan/install/_local_setup_util_sh.py'
[3.501s] INFO:colcon.colcon_core.shell:Creating prefix chain script '/home/sayan/yanyan/install/setup.sh'
[3.504s] INFO:colcon.colcon_core.shell:Creating prefix script '/home/sayan/yanyan/install/local_setup.bash'
[3.506s] INFO:colcon.colcon_core.shell:Creating prefix chain script '/home/sayan/yanyan/install/setup.bash'
[3.510s] INFO:colcon.colcon_core.shell:Creating prefix script '/home/sayan/yanyan/install/local_setup.zsh'
[3.512s] INFO:colcon.colcon_core.shell:Creating prefix chain script '/home/sayan/yanyan/install/setup.zsh'
