[0.780s] Invoking command in '/home/sayan/yanyan/build/my_robot': PYTHONPATH=/home/sayan/yanyan/build/my_robot/prefix_override:/usr/lib/python3/dist-packages/colcon_core/task/python/colcon_distutils_commands:/home/sayan/yanyan/install/my_robot/lib/python3.10/site-packages:${PYTHONPATH} /usr/bin/python3 -W ignore:setup.py install is deprecated -W ignore:easy_install command is deprecated setup.py develop --editable --build-directory /home/sayan/yanyan/build/my_robot/build --no-deps symlink_data --force
[1.031s] running develop
[1.180s] running egg_info
[1.180s] writing my_robot.egg-info/PKG-INFO
[1.180s] writing dependency_links to my_robot.egg-info/dependency_links.txt
[1.180s] writing entry points to my_robot.egg-info/entry_points.txt
[1.181s] writing requirements to my_robot.egg-info/requires.txt
[1.181s] writing top-level names to my_robot.egg-info/top_level.txt
[1.193s] reading manifest file 'my_robot.egg-info/SOURCES.txt'
[1.194s] writing manifest file 'my_robot.egg-info/SOURCES.txt'
[1.196s] running build_ext
[1.196s] Creating /home/sayan/yanyan/install/my_robot/lib/python3.10/site-packages/my-robot.egg-link (link to .)
[1.196s] Installing blip_vision_node script to /home/sayan/yanyan/install/my_robot/lib/my_robot
[1.196s] Installing sensor_fusion_node script to /home/sayan/yanyan/install/my_robot/lib/my_robot
[1.196s] Installing yolo_detection_node script to /home/sayan/yanyan/install/my_robot/lib/my_robot
[1.197s] 
[1.197s] Installed /home/sayan/yanyan/build/my_robot
[1.197s] running symlink_data
[1.197s] symbolically linking /home/sayan/yanyan/build/my_robot/resource/my_robot -> /home/sayan/yanyan/install/my_robot/share/ament_index/resource_index/packages
[1.198s] symbolically linking /home/sayan/yanyan/build/my_robot/package.xml -> /home/sayan/yanyan/install/my_robot/share/my_robot
[1.198s] symbolically linking /home/sayan/yanyan/build/my_robot/launch/gazebo_with_robot.launch - 복사본.py -> /home/sayan/yanyan/install/my_robot/share/my_robot/launch
[1.199s] symbolically linking /home/sayan/yanyan/build/my_robot/launch/gazebo.launch.py -> /home/sayan/yanyan/install/my_robot/share/my_robot/launch
[1.199s] symbolically linking /home/sayan/yanyan/build/my_robot/launch/navigation.launch.py -> /home/sayan/yanyan/install/my_robot/share/my_robot/launch
[1.199s] symbolically linking /home/sayan/yanyan/build/my_robot/launch/kitti_visualization.launch.py -> /home/sayan/yanyan/install/my_robot/share/my_robot/launch
[1.199s] symbolically linking /home/sayan/yanyan/build/my_robot/launch/navigation2.launch - 복사본.py -> /home/sayan/yanyan/install/my_robot/share/my_robot/launch
[1.200s] error: [Errno 2] No such file or directory: '/home/sayan/yanyan/install/my_robot/share/my_robot/launch/complete_slam_visualization.launch.py'
[1.225s] Invoked command in '/home/sayan/yanyan/build/my_robot' returned '1': PYTHONPATH=/home/sayan/yanyan/build/my_robot/prefix_override:/usr/lib/python3/dist-packages/colcon_core/task/python/colcon_distutils_commands:/home/sayan/yanyan/install/my_robot/lib/python3.10/site-packages:${PYTHONPATH} /usr/bin/python3 -W ignore:setup.py install is deprecated -W ignore:easy_install command is deprecated setup.py develop --editable --build-directory /home/sayan/yanyan/build/my_robot/build --no-deps symlink_data --force
