[1.211s] Invoking command in '/home/sayan/yanyan/src/my_robot': PYTHONPATH=/home/sayan/yanyan/build/my_robot/prefix_override:/usr/lib/python3/dist-packages/colcon_core/task/python/colcon_distutils_commands:/home/sayan/yanyan/install/my_robot/lib/python3.10/site-packages:${PYTHONPATH} /usr/bin/python3 -W ignore:setup.py install is deprecated -W ignore:easy_install command is deprecated setup.py egg_info --egg-base ../../build/my_robot build --build-base /home/sayan/yanyan/build/my_robot/build install --record /home/sayan/yanyan/build/my_robot/install.log --single-version-externally-managed install_data
[1.654s] running egg_info
[1.655s] writing ../../build/my_robot/my_robot.egg-info/PKG-INFO
[1.664s] writing dependency_links to ../../build/my_robot/my_robot.egg-info/dependency_links.txt
[1.665s] writing entry points to ../../build/my_robot/my_robot.egg-info/entry_points.txt
[1.665s] writing requirements to ../../build/my_robot/my_robot.egg-info/requires.txt
[1.665s] writing top-level names to ../../build/my_robot/my_robot.egg-info/top_level.txt
[1.670s] reading manifest file '../../build/my_robot/my_robot.egg-info/SOURCES.txt'
[1.673s] writing manifest file '../../build/my_robot/my_robot.egg-info/SOURCES.txt'
[1.674s] running build
[1.674s] running build_py
[1.678s] running install
[1.679s] running install_lib
[1.684s] running install_data
[1.685s] copying launch/slam_mapping.launch.py -> /home/sayan/yanyan/install/my_robot/share/my_robot/launch
[1.686s] copying config/slam_params.yaml -> /home/sayan/yanyan/install/my_robot/share/my_robot/config
[1.687s] running install_egg_info
[1.691s] removing '/home/sayan/yanyan/install/my_robot/lib/python3.10/site-packages/my_robot-0.0.0-py3.10.egg-info' (and everything under it)
[1.692s] Copying ../../build/my_robot/my_robot.egg-info to /home/sayan/yanyan/install/my_robot/lib/python3.10/site-packages/my_robot-0.0.0-py3.10.egg-info
[1.696s] running install_scripts
[1.732s] Installing blip_vision_node script to /home/sayan/yanyan/install/my_robot/lib/my_robot
[1.734s] Installing sensor_fusion_node script to /home/sayan/yanyan/install/my_robot/lib/my_robot
[1.734s] Installing yolo_detection_node script to /home/sayan/yanyan/install/my_robot/lib/my_robot
[1.734s] writing list of installed files to '/home/sayan/yanyan/build/my_robot/install.log'
[1.772s] Invoked command in '/home/sayan/yanyan/src/my_robot' returned '0': PYTHONPATH=/home/sayan/yanyan/build/my_robot/prefix_override:/usr/lib/python3/dist-packages/colcon_core/task/python/colcon_distutils_commands:/home/sayan/yanyan/install/my_robot/lib/python3.10/site-packages:${PYTHONPATH} /usr/bin/python3 -W ignore:setup.py install is deprecated -W ignore:easy_install command is deprecated setup.py egg_info --egg-base ../../build/my_robot build --build-base /home/sayan/yanyan/build/my_robot/build install --record /home/sayan/yanyan/build/my_robot/install.log --single-version-externally-managed install_data
