running egg_info
creating ../../build/my_robot/my_robot.egg-info
writing ../../build/my_robot/my_robot.egg-info/PKG-INFO
writing dependency_links to ../../build/my_robot/my_robot.egg-info/dependency_links.txt
writing entry points to ../../build/my_robot/my_robot.egg-info/entry_points.txt
writing requirements to ../../build/my_robot/my_robot.egg-info/requires.txt
writing top-level names to ../../build/my_robot/my_robot.egg-info/top_level.txt
writing manifest file '../../build/my_robot/my_robot.egg-info/SOURCES.txt'
reading manifest file '../../build/my_robot/my_robot.egg-info/SOURCES.txt'
writing manifest file '../../build/my_robot/my_robot.egg-info/SOURCES.txt'
running build
running build_py
creating /home/sayan/yanyan/build/my_robot/build
creating /home/sayan/yanyan/build/my_robot/build/lib
creating /home/sayan/yanyan/build/my_robot/build/lib/my_robot
copying my_robot/__init__.py -> /home/sayan/yanyan/build/my_robot/build/lib/my_robot
copying my_robot/sensor_fusion_node.py -> /home/sayan/yanyan/build/my_robot/build/lib/my_robot
creating /home/sayan/yanyan/build/my_robot/build/lib/my_robot/scripts
copying my_robot/scripts/__init__.py -> /home/sayan/yanyan/build/my_robot/build/lib/my_robot/scripts
copying my_robot/scripts/blip_yolo_integrated.py -> /home/sayan/yanyan/build/my_robot/build/lib/my_robot/scripts
copying my_robot/scripts/blip_hybrid_node.py -> /home/sayan/yanyan/build/my_robot/build/lib/my_robot/scripts
copying my_robot/scripts/yolo_detection_node.py -> /home/sayan/yanyan/build/my_robot/build/lib/my_robot/scripts
copying my_robot/scripts/blip2_vision_node.py -> /home/sayan/yanyan/build/my_robot/build/lib/my_robot/scripts
copying my_robot/scripts/blip_hybrid2_node.py -> /home/sayan/yanyan/build/my_robot/build/lib/my_robot/scripts
copying my_robot/scripts/blip1_vision_node.py -> /home/sayan/yanyan/build/my_robot/build/lib/my_robot/scripts
copying my_robot/scripts/blip_yolo_webcam.py -> /home/sayan/yanyan/build/my_robot/build/lib/my_robot/scripts
copying my_robot/scripts/clip_vqa.py -> /home/sayan/yanyan/build/my_robot/build/lib/my_robot/scripts
running install
running install_lib
creating /home/sayan/yanyan/install/my_robot/lib/python3.10/site-packages/my_robot
copying /home/sayan/yanyan/build/my_robot/build/lib/my_robot/__init__.py -> /home/sayan/yanyan/install/my_robot/lib/python3.10/site-packages/my_robot
creating /home/sayan/yanyan/install/my_robot/lib/python3.10/site-packages/my_robot/scripts
copying /home/sayan/yanyan/build/my_robot/build/lib/my_robot/scripts/__init__.py -> /home/sayan/yanyan/install/my_robot/lib/python3.10/site-packages/my_robot/scripts
copying /home/sayan/yanyan/build/my_robot/build/lib/my_robot/scripts/blip_yolo_integrated.py -> /home/sayan/yanyan/install/my_robot/lib/python3.10/site-packages/my_robot/scripts
copying /home/sayan/yanyan/build/my_robot/build/lib/my_robot/scripts/blip_hybrid_node.py -> /home/sayan/yanyan/install/my_robot/lib/python3.10/site-packages/my_robot/scripts
copying /home/sayan/yanyan/build/my_robot/build/lib/my_robot/scripts/yolo_detection_node.py -> /home/sayan/yanyan/install/my_robot/lib/python3.10/site-packages/my_robot/scripts
copying /home/sayan/yanyan/build/my_robot/build/lib/my_robot/scripts/blip2_vision_node.py -> /home/sayan/yanyan/install/my_robot/lib/python3.10/site-packages/my_robot/scripts
copying /home/sayan/yanyan/build/my_robot/build/lib/my_robot/scripts/blip_hybrid2_node.py -> /home/sayan/yanyan/install/my_robot/lib/python3.10/site-packages/my_robot/scripts
copying /home/sayan/yanyan/build/my_robot/build/lib/my_robot/scripts/blip1_vision_node.py -> /home/sayan/yanyan/install/my_robot/lib/python3.10/site-packages/my_robot/scripts
copying /home/sayan/yanyan/build/my_robot/build/lib/my_robot/scripts/blip_yolo_webcam.py -> /home/sayan/yanyan/install/my_robot/lib/python3.10/site-packages/my_robot/scripts
copying /home/sayan/yanyan/build/my_robot/build/lib/my_robot/scripts/clip_vqa.py -> /home/sayan/yanyan/install/my_robot/lib/python3.10/site-packages/my_robot/scripts
copying /home/sayan/yanyan/build/my_robot/build/lib/my_robot/sensor_fusion_node.py -> /home/sayan/yanyan/install/my_robot/lib/python3.10/site-packages/my_robot
byte-compiling /home/sayan/yanyan/install/my_robot/lib/python3.10/site-packages/my_robot/__init__.py to __init__.cpython-310.pyc
byte-compiling /home/sayan/yanyan/install/my_robot/lib/python3.10/site-packages/my_robot/scripts/__init__.py to __init__.cpython-310.pyc
byte-compiling /home/sayan/yanyan/install/my_robot/lib/python3.10/site-packages/my_robot/scripts/blip_yolo_integrated.py to blip_yolo_integrated.cpython-310.pyc
byte-compiling /home/sayan/yanyan/install/my_robot/lib/python3.10/site-packages/my_robot/scripts/blip_hybrid_node.py to blip_hybrid_node.cpython-310.pyc
byte-compiling /home/sayan/yanyan/install/my_robot/lib/python3.10/site-packages/my_robot/scripts/yolo_detection_node.py to yolo_detection_node.cpython-310.pyc
byte-compiling /home/sayan/yanyan/install/my_robot/lib/python3.10/site-packages/my_robot/scripts/blip2_vision_node.py to blip2_vision_node.cpython-310.pyc
byte-compiling /home/sayan/yanyan/install/my_robot/lib/python3.10/site-packages/my_robot/scripts/blip_hybrid2_node.py to blip_hybrid2_node.cpython-310.pyc
byte-compiling /home/sayan/yanyan/install/my_robot/lib/python3.10/site-packages/my_robot/scripts/blip1_vision_node.py to blip1_vision_node.cpython-310.pyc
byte-compiling /home/sayan/yanyan/install/my_robot/lib/python3.10/site-packages/my_robot/scripts/blip_yolo_webcam.py to blip_yolo_webcam.cpython-310.pyc
byte-compiling /home/sayan/yanyan/install/my_robot/lib/python3.10/site-packages/my_robot/scripts/clip_vqa.py to clip_vqa.cpython-310.pyc
byte-compiling /home/sayan/yanyan/install/my_robot/lib/python3.10/site-packages/my_robot/sensor_fusion_node.py to sensor_fusion_node.cpython-310.pyc
running install_data
creating /home/sayan/yanyan/install/my_robot/share/ament_index
creating /home/sayan/yanyan/install/my_robot/share/ament_index/resource_index
creating /home/sayan/yanyan/install/my_robot/share/ament_index/resource_index/packages
copying resource/my_robot -> /home/sayan/yanyan/install/my_robot/share/ament_index/resource_index/packages
copying package.xml -> /home/sayan/yanyan/install/my_robot/share/my_robot
creating /home/sayan/yanyan/install/my_robot/share/my_robot/launch
copying launch/gazebo_with_robot.launch - 복사본.py -> /home/sayan/yanyan/install/my_robot/share/my_robot/launch
copying launch/gazebo.launch.py -> /home/sayan/yanyan/install/my_robot/share/my_robot/launch
copying launch/navigation.launch.py -> /home/sayan/yanyan/install/my_robot/share/my_robot/launch
copying launch/kitti_visualization.launch.py -> /home/sayan/yanyan/install/my_robot/share/my_robot/launch
copying launch/navigation2.launch - 복사본.py -> /home/sayan/yanyan/install/my_robot/share/my_robot/launch
copying launch/display.launch.py -> /home/sayan/yanyan/install/my_robot/share/my_robot/launch
copying launch/gazebo_with_robot.launch.py -> /home/sayan/yanyan/install/my_robot/share/my_robot/launch
copying launch/navigation1.launch.py -> /home/sayan/yanyan/install/my_robot/share/my_robot/launch
copying launch/navigation2.launch.py -> /home/sayan/yanyan/install/my_robot/share/my_robot/launch
creating /home/sayan/yanyan/install/my_robot/share/my_robot/urdf
creating /home/sayan/yanyan/install/my_robot/share/my_robot/config
copying config/frames_2025-11-01_03.21.27.pdf -> /home/sayan/yanyan/install/my_robot/share/my_robot/config
copying config/kitti_style_rviz.rviz -> /home/sayan/yanyan/install/my_robot/share/my_robot/config
copying config/mapper_params_online_async.yaml -> /home/sayan/yanyan/install/my_robot/share/my_robot/config
copying config/nav2_params.yaml -> /home/sayan/yanyan/install/my_robot/share/my_robot/config
copying config/frames_2025-11-01_03.21.27.gv -> /home/sayan/yanyan/install/my_robot/share/my_robot/config
creating /home/sayan/yanyan/install/my_robot/share/my_robot/maps
copying maps/office_map.yaml -> /home/sayan/yanyan/install/my_robot/share/my_robot/maps
copying maps/office_map.pgm -> /home/sayan/yanyan/install/my_robot/share/my_robot/maps
creating /home/sayan/yanyan/install/my_robot/share/my_robot/worlds
copying worlds/gochang_dolmen_park.world -> /home/sayan/yanyan/install/my_robot/share/my_robot/worlds
creating /home/sayan/yanyan/install/my_robot/share/my_robot/scripts
copying scripts/blip2_vision_node.py -> /home/sayan/yanyan/install/my_robot/share/my_robot/scripts
running install_egg_info
Copying ../../build/my_robot/my_robot.egg-info to /home/sayan/yanyan/install/my_robot/lib/python3.10/site-packages/my_robot-0.0.0-py3.10.egg-info
running install_scripts
Installing blip_vision_node script to /home/sayan/yanyan/install/my_robot/lib/my_robot
Installing sensor_fusion_node script to /home/sayan/yanyan/install/my_robot/lib/my_robot
Installing yolo_detection_node script to /home/sayan/yanyan/install/my_robot/lib/my_robot
writing list of installed files to '/home/sayan/yanyan/build/my_robot/install.log'
