[1.223s] Invoking command in '/home/sayan/yanyan/build/my_robot': PYTHONPATH=/home/sayan/yanyan/build/my_robot/prefix_override:/usr/lib/python3/dist-packages/colcon_core/task/python/colcon_distutils_commands:/home/sayan/yanyan/install/my_robot/lib/python3.10/site-packages:${PYTHONPATH} /usr/bin/python3 -W ignore:setup.py install is deprecated -W ignore:easy_install command is deprecated setup.py develop --editable --build-directory /home/sayan/yanyan/build/my_robot/build --no-deps symlink_data
[1.718s] running develop
[1.970s] running egg_info
[1.971s] writing my_robot.egg-info/PKG-INFO
[1.979s] writing dependency_links to my_robot.egg-info/dependency_links.txt
[1.980s] writing entry points to my_robot.egg-info/entry_points.txt
[1.980s] writing requirements to my_robot.egg-info/requires.txt
[1.980s] writing top-level names to my_robot.egg-info/top_level.txt
[1.985s] reading manifest file 'my_robot.egg-info/SOURCES.txt'
[1.988s] writing manifest file 'my_robot.egg-info/SOURCES.txt'
[1.990s] running build_ext
[1.991s] Creating /home/sayan/yanyan/install/my_robot/lib/python3.10/site-packages/my-robot.egg-link (link to .)
[1.992s] Installing blip_vision_node script to /home/sayan/yanyan/install/my_robot/lib/my_robot
[1.992s] Installing sensor_fusion_node script to /home/sayan/yanyan/install/my_robot/lib/my_robot
[1.993s] Installing yolo_detection_node script to /home/sayan/yanyan/install/my_robot/lib/my_robot
[1.993s] 
[1.993s] Installed /home/sayan/yanyan/build/my_robot
[1.993s] running symlink_data
[1.994s] symbolically linking /home/sayan/yanyan/build/my_robot/launch/complete_slam_visualization.launch.py -> /home/sayan/yanyan/install/my_robot/share/my_robot/launch
[1.994s] symbolically linking /home/sayan/yanyan/build/my_robot/launch/complete_system.launch.py -> /home/sayan/yanyan/install/my_robot/share/my_robot/launch
[1.996s] symbolically linking /home/sayan/yanyan/build/my_robot/worlds/gochang_dolmen_park.world -> /home/sayan/yanyan/install/my_robot/share/my_robot/worlds
[1.996s] error: [Errno 17] File exists: '/home/sayan/yanyan/build/my_robot/worlds/gochang_dolmen_park.world' -> '/home/sayan/yanyan/install/my_robot/share/my_robot/worlds/gochang_dolmen_park.world'
[2.047s] Invoked command in '/home/sayan/yanyan/build/my_robot' returned '1': PYTHONPATH=/home/sayan/yanyan/build/my_robot/prefix_override:/usr/lib/python3/dist-packages/colcon_core/task/python/colcon_distutils_commands:/home/sayan/yanyan/install/my_robot/lib/python3.10/site-packages:${PYTHONPATH} /usr/bin/python3 -W ignore:setup.py install is deprecated -W ignore:easy_install command is deprecated setup.py develop --editable --build-directory /home/sayan/yanyan/build/my_robot/build --no-deps symlink_data
