/home/sayan/yanyan/install/my_robot/lib/python3.10/site-packages/my_robot/__init__.py
/home/sayan/yanyan/install/my_robot/lib/python3.10/site-packages/my_robot/sensor_fusion_node.py
/home/sayan/yanyan/install/my_robot/lib/python3.10/site-packages/my_robot/scripts/__init__.py
/home/sayan/yanyan/install/my_robot/lib/python3.10/site-packages/my_robot/scripts/blip_yolo_integrated.py
/home/sayan/yanyan/install/my_robot/lib/python3.10/site-packages/my_robot/scripts/blip_hybrid_node.py
/home/sayan/yanyan/install/my_robot/lib/python3.10/site-packages/my_robot/scripts/yolo_detection_node.py
/home/sayan/yanyan/install/my_robot/lib/python3.10/site-packages/my_robot/scripts/blip2_vision_node.py
/home/sayan/yanyan/install/my_robot/lib/python3.10/site-packages/my_robot/scripts/blip_hybrid2_node.py
/home/sayan/yanyan/install/my_robot/lib/python3.10/site-packages/my_robot/scripts/blip1_vision_node.py
/home/sayan/yanyan/install/my_robot/lib/python3.10/site-packages/my_robot/scripts/blip_yolo_webcam.py
/home/sayan/yanyan/install/my_robot/lib/python3.10/site-packages/my_robot/scripts/clip_vqa.py
/home/sayan/yanyan/install/my_robot/lib/python3.10/site-packages/my_robot/__pycache__/__init__.cpython-310.pyc
/home/sayan/yanyan/install/my_robot/lib/python3.10/site-packages/my_robot/__pycache__/sensor_fusion_node.cpython-310.pyc
/home/sayan/yanyan/install/my_robot/lib/python3.10/site-packages/my_robot/scripts/__pycache__/__init__.cpython-310.pyc
/home/sayan/yanyan/install/my_robot/lib/python3.10/site-packages/my_robot/scripts/__pycache__/blip_yolo_integrated.cpython-310.pyc
/home/sayan/yanyan/install/my_robot/lib/python3.10/site-packages/my_robot/scripts/__pycache__/blip_hybrid_node.cpython-310.pyc
/home/sayan/yanyan/install/my_robot/lib/python3.10/site-packages/my_robot/scripts/__pycache__/yolo_detection_node.cpython-310.pyc
/home/sayan/yanyan/install/my_robot/lib/python3.10/site-packages/my_robot/scripts/__pycache__/blip2_vision_node.cpython-310.pyc
/home/sayan/yanyan/install/my_robot/lib/python3.10/site-packages/my_robot/scripts/__pycache__/blip_hybrid2_node.cpython-310.pyc
/home/sayan/yanyan/install/my_robot/lib/python3.10/site-packages/my_robot/scripts/__pycache__/blip1_vision_node.cpython-310.pyc
/home/sayan/yanyan/install/my_robot/lib/python3.10/site-packages/my_robot/scripts/__pycache__/blip_yolo_webcam.cpython-310.pyc
/home/sayan/yanyan/install/my_robot/lib/python3.10/site-packages/my_robot/scripts/__pycache__/clip_vqa.cpython-310.pyc
/home/sayan/yanyan/install/my_robot/share/ament_index/resource_index/packages/my_robot
/home/sayan/yanyan/install/my_robot/share/my_robot/package.xml
/home/sayan/yanyan/install/my_robot/share/my_robot/launch/gazebo_with_robot.launch - 복사본.py
/home/sayan/yanyan/install/my_robot/share/my_robot/launch/gazebo.launch.py
/home/sayan/yanyan/install/my_robot/share/my_robot/launch/navigation.launch.py
/home/sayan/yanyan/install/my_robot/share/my_robot/launch/kitti_visualization.launch.py
/home/sayan/yanyan/install/my_robot/share/my_robot/launch/navigation2.launch - 복사본.py
/home/sayan/yanyan/install/my_robot/share/my_robot/launch/display.launch.py
/home/sayan/yanyan/install/my_robot/share/my_robot/launch/gazebo_with_robot.launch.py
/home/sayan/yanyan/install/my_robot/share/my_robot/launch/navigation1.launch.py
/home/sayan/yanyan/install/my_robot/share/my_robot/launch/navigation2.launch.py
/home/sayan/yanyan/install/my_robot/share/my_robot/urdf/turtlebot3_with_sensors.urdf
/home/sayan/yanyan/install/my_robot/share/my_robot/config/frames_2025-11-01_03.21.27.pdf
/home/sayan/yanyan/install/my_robot/share/my_robot/config/kitti_style_rviz.rviz
/home/sayan/yanyan/install/my_robot/share/my_robot/config/mapper_params_online_async.yaml
/home/sayan/yanyan/install/my_robot/share/my_robot/config/nav2_params.yaml
/home/sayan/yanyan/install/my_robot/share/my_robot/config/frames_2025-11-01_03.21.27.gv
/home/sayan/yanyan/install/my_robot/share/my_robot/maps/office_map.yaml
/home/sayan/yanyan/install/my_robot/share/my_robot/maps/office_map.pgm
/home/sayan/yanyan/install/my_robot/share/my_robot/worlds/gochang_dolmen_park.world
/home/sayan/yanyan/install/my_robot/share/my_robot/scripts/blip2_vision_node.py
/home/sayan/yanyan/install/my_robot/lib/python3.10/site-packages/my_robot-0.0.0-py3.10.egg-info/PKG-INFO
/home/sayan/yanyan/install/my_robot/lib/python3.10/site-packages/my_robot-0.0.0-py3.10.egg-info/entry_points.txt
/home/sayan/yanyan/install/my_robot/lib/python3.10/site-packages/my_robot-0.0.0-py3.10.egg-info/requires.txt
/home/sayan/yanyan/install/my_robot/lib/python3.10/site-packages/my_robot-0.0.0-py3.10.egg-info/zip-safe
/home/sayan/yanyan/install/my_robot/lib/python3.10/site-packages/my_robot-0.0.0-py3.10.egg-info/dependency_links.txt
/home/sayan/yanyan/install/my_robot/lib/python3.10/site-packages/my_robot-0.0.0-py3.10.egg-info/top_level.txt
/home/sayan/yanyan/install/my_robot/lib/python3.10/site-packages/my_robot-0.0.0-py3.10.egg-info/SOURCES.txt
/home/sayan/yanyan/install/my_robot/lib/my_robot/blip_vision_node
/home/sayan/yanyan/install/my_robot/lib/my_robot/sensor_fusion_node
/home/sayan/yanyan/install/my_robot/lib/my_robot/yolo_detection_node
